Start testing: Apr 24 21:54 +07
----------------------------------------------------------
1/14 Testing: PlayerTest.ConstructorAndGetters
1/14 Test: PlayerTest.ConstructorAndGetters
Command: "/home/kvelld/rem/build/tests/tictactoe_tests" "--gtest_filter=PlayerTest.ConstructorAndGetters" "--gtest_also_run_disabled_tests"
Directory: /home/kvelld/rem/build/tests
"PlayerTest.ConstructorAndGetters" start time: Apr 24 21:54 +07
Output:
----------------------------------------------------------
Note: Google Test filter = PlayerTest.ConstructorAndGetters
[==========] Running 1 test from 1 test suite.
[----------] Global test environment set-up.
[----------] 1 test from PlayerTest
[ RUN      ] PlayerTest.ConstructorAndGetters
[       OK ] PlayerTest.ConstructorAndGetters (0 ms)
[----------] 1 test from PlayerTest (0 ms total)

[----------] Global test environment tear-down
[==========] 1 test from 1 test suite ran. (0 ms total)
[  PASSED  ] 1 test.
<end of output>
Test time =   0.00 sec
----------------------------------------------------------
Test Passed.
"PlayerTest.ConstructorAndGetters" end time: Apr 24 21:54 +07
"PlayerTest.ConstructorAndGetters" time elapsed: 00:00:00
----------------------------------------------------------

2/14 Testing: PlayerTest.DefaultSymbolIsX
2/14 Test: PlayerTest.DefaultSymbolIsX
Command: "/home/kvelld/rem/build/tests/tictactoe_tests" "--gtest_filter=PlayerTest.DefaultSymbolIsX" "--gtest_also_run_disabled_tests"
Directory: /home/kvelld/rem/build/tests
"PlayerTest.DefaultSymbolIsX" start time: Apr 24 21:54 +07
Output:
----------------------------------------------------------
Note: Google Test filter = PlayerTest.DefaultSymbolIsX
[==========] Running 1 test from 1 test suite.
[----------] Global test environment set-up.
[----------] 1 test from PlayerTest
[ RUN      ] PlayerTest.DefaultSymbolIsX
[       OK ] PlayerTest.DefaultSymbolIsX (0 ms)
[----------] 1 test from PlayerTest (0 ms total)

[----------] Global test environment tear-down
[==========] 1 test from 1 test suite ran. (0 ms total)
[  PASSED  ] 1 test.
<end of output>
Test time =   0.00 sec
----------------------------------------------------------
Test Passed.
"PlayerTest.DefaultSymbolIsX" end time: Apr 24 21:54 +07
"PlayerTest.DefaultSymbolIsX" time elapsed: 00:00:00
----------------------------------------------------------

3/14 Testing: PlayerTest.CanChangeSymbol
3/14 Test: PlayerTest.CanChangeSymbol
Command: "/home/kvelld/rem/build/tests/tictactoe_tests" "--gtest_filter=PlayerTest.CanChangeSymbol" "--gtest_also_run_disabled_tests"
Directory: /home/kvelld/rem/build/tests
"PlayerTest.CanChangeSymbol" start time: Apr 24 21:54 +07
Output:
----------------------------------------------------------
Note: Google Test filter = PlayerTest.CanChangeSymbol
[==========] Running 1 test from 1 test suite.
[----------] Global test environment set-up.
[----------] 1 test from PlayerTest
[ RUN      ] PlayerTest.CanChangeSymbol
[       OK ] PlayerTest.CanChangeSymbol (0 ms)
[----------] 1 test from PlayerTest (0 ms total)

[----------] Global test environment tear-down
[==========] 1 test from 1 test suite ran. (0 ms total)
[  PASSED  ] 1 test.
<end of output>
Test time =   0.00 sec
----------------------------------------------------------
Test Passed.
"PlayerTest.CanChangeSymbol" end time: Apr 24 21:54 +07
"PlayerTest.CanChangeSymbol" time elapsed: 00:00:00
----------------------------------------------------------

4/14 Testing: BoardTest.Initialization
4/14 Test: BoardTest.Initialization
Command: "/home/kvelld/rem/build/tests/tictactoe_tests" "--gtest_filter=BoardTest.Initialization" "--gtest_also_run_disabled_tests"
Directory: /home/kvelld/rem/build/tests
"BoardTest.Initialization" start time: Apr 24 21:54 +07
Output:
----------------------------------------------------------
Note: Google Test filter = BoardTest.Initialization
[==========] Running 1 test from 1 test suite.
[----------] Global test environment set-up.
[----------] 1 test from BoardTest
[ RUN      ] BoardTest.Initialization
[       OK ] BoardTest.Initialization (0 ms)
[----------] 1 test from BoardTest (0 ms total)

[----------] Global test environment tear-down
[==========] 1 test from 1 test suite ran. (0 ms total)
[  PASSED  ] 1 test.
<end of output>
Test time =   0.00 sec
----------------------------------------------------------
Test Passed.
"BoardTest.Initialization" end time: Apr 24 21:54 +07
"BoardTest.Initialization" time elapsed: 00:00:00
----------------------------------------------------------

5/14 Testing: BoardTest.MakeMoveAndWinCheck
5/14 Test: BoardTest.MakeMoveAndWinCheck
Command: "/home/kvelld/rem/build/tests/tictactoe_tests" "--gtest_filter=BoardTest.MakeMoveAndWinCheck" "--gtest_also_run_disabled_tests"
Directory: /home/kvelld/rem/build/tests
"BoardTest.MakeMoveAndWinCheck" start time: Apr 24 21:54 +07
Output:
----------------------------------------------------------
Note: Google Test filter = BoardTest.MakeMoveAndWinCheck
[==========] Running 1 test from 1 test suite.
[----------] Global test environment set-up.
[----------] 1 test from BoardTest
[ RUN      ] BoardTest.MakeMoveAndWinCheck
[       OK ] BoardTest.MakeMoveAndWinCheck (0 ms)
[----------] 1 test from BoardTest (0 ms total)

[----------] Global test environment tear-down
[==========] 1 test from 1 test suite ran. (0 ms total)
[  PASSED  ] 1 test.
<end of output>
Test time =   0.00 sec
----------------------------------------------------------
Test Passed.
"BoardTest.MakeMoveAndWinCheck" end time: Apr 24 21:54 +07
"BoardTest.MakeMoveAndWinCheck" time elapsed: 00:00:00
----------------------------------------------------------

6/14 Testing: BoardTest.FullBoardCheck
6/14 Test: BoardTest.FullBoardCheck
Command: "/home/kvelld/rem/build/tests/tictactoe_tests" "--gtest_filter=BoardTest.FullBoardCheck" "--gtest_also_run_disabled_tests"
Directory: /home/kvelld/rem/build/tests
"BoardTest.FullBoardCheck" start time: Apr 24 21:54 +07
Output:
----------------------------------------------------------
Note: Google Test filter = BoardTest.FullBoardCheck
[==========] Running 1 test from 1 test suite.
[----------] Global test environment set-up.
[----------] 1 test from BoardTest
[ RUN      ] BoardTest.FullBoardCheck
[       OK ] BoardTest.FullBoardCheck (0 ms)
[----------] 1 test from BoardTest (0 ms total)

[----------] Global test environment tear-down
[==========] 1 test from 1 test suite ran. (0 ms total)
[  PASSED  ] 1 test.
<end of output>
Test time =   0.00 sec
----------------------------------------------------------
Test Passed.
"BoardTest.FullBoardCheck" end time: Apr 24 21:54 +07
"BoardTest.FullBoardCheck" time elapsed: 00:00:00
----------------------------------------------------------

7/14 Testing: BoardTest.InvalidMoveOutsideBounds
7/14 Test: BoardTest.InvalidMoveOutsideBounds
Command: "/home/kvelld/rem/build/tests/tictactoe_tests" "--gtest_filter=BoardTest.InvalidMoveOutsideBounds" "--gtest_also_run_disabled_tests"
Directory: /home/kvelld/rem/build/tests
"BoardTest.InvalidMoveOutsideBounds" start time: Apr 24 21:54 +07
Output:
----------------------------------------------------------
Note: Google Test filter = BoardTest.InvalidMoveOutsideBounds
[==========] Running 1 test from 1 test suite.
[----------] Global test environment set-up.
[----------] 1 test from BoardTest
[ RUN      ] BoardTest.InvalidMoveOutsideBounds
[       OK ] BoardTest.InvalidMoveOutsideBounds (0 ms)
[----------] 1 test from BoardTest (0 ms total)

[----------] Global test environment tear-down
[==========] 1 test from 1 test suite ran. (0 ms total)
[  PASSED  ] 1 test.
<end of output>
Test time =   0.00 sec
----------------------------------------------------------
Test Passed.
"BoardTest.InvalidMoveOutsideBounds" end time: Apr 24 21:54 +07
"BoardTest.InvalidMoveOutsideBounds" time elapsed: 00:00:00
----------------------------------------------------------

8/14 Testing: BoardTest.CannotOverwriteCell
8/14 Test: BoardTest.CannotOverwriteCell
Command: "/home/kvelld/rem/build/tests/tictactoe_tests" "--gtest_filter=BoardTest.CannotOverwriteCell" "--gtest_also_run_disabled_tests"
Directory: /home/kvelld/rem/build/tests
"BoardTest.CannotOverwriteCell" start time: Apr 24 21:54 +07
Output:
----------------------------------------------------------
Note: Google Test filter = BoardTest.CannotOverwriteCell
[==========] Running 1 test from 1 test suite.
[----------] Global test environment set-up.
[----------] 1 test from BoardTest
[ RUN      ] BoardTest.CannotOverwriteCell
[       OK ] BoardTest.CannotOverwriteCell (0 ms)
[----------] 1 test from BoardTest (0 ms total)

[----------] Global test environment tear-down
[==========] 1 test from 1 test suite ran. (0 ms total)
[  PASSED  ] 1 test.
<end of output>
Test time =   0.00 sec
----------------------------------------------------------
Test Passed.
"BoardTest.CannotOverwriteCell" end time: Apr 24 21:54 +07
"BoardTest.CannotOverwriteCell" time elapsed: 00:00:00
----------------------------------------------------------

9/14 Testing: BoardTest.ClearBoardFunctionality
9/14 Test: BoardTest.ClearBoardFunctionality
Command: "/home/kvelld/rem/build/tests/tictactoe_tests" "--gtest_filter=BoardTest.ClearBoardFunctionality" "--gtest_also_run_disabled_tests"
Directory: /home/kvelld/rem/build/tests
"BoardTest.ClearBoardFunctionality" start time: Apr 24 21:54 +07
Output:
----------------------------------------------------------
Note: Google Test filter = BoardTest.ClearBoardFunctionality
[==========] Running 1 test from 1 test suite.
[----------] Global test environment set-up.
[----------] 1 test from BoardTest
[ RUN      ] BoardTest.ClearBoardFunctionality
[       OK ] BoardTest.ClearBoardFunctionality (0 ms)
[----------] 1 test from BoardTest (0 ms total)

[----------] Global test environment tear-down
[==========] 1 test from 1 test suite ran. (0 ms total)
[  PASSED  ] 1 test.
<end of output>
Test time =   0.00 sec
----------------------------------------------------------
Test Passed.
"BoardTest.ClearBoardFunctionality" end time: Apr 24 21:54 +07
"BoardTest.ClearBoardFunctionality" time elapsed: 00:00:00
----------------------------------------------------------

10/14 Testing: GameTest.PlayerSwitch
10/14 Test: GameTest.PlayerSwitch
Command: "/home/kvelld/rem/build/tests/tictactoe_tests" "--gtest_filter=GameTest.PlayerSwitch" "--gtest_also_run_disabled_tests"
Directory: /home/kvelld/rem/build/tests
"GameTest.PlayerSwitch" start time: Apr 24 21:54 +07
Output:
----------------------------------------------------------
Note: Google Test filter = GameTest.PlayerSwitch
[==========] Running 1 test from 1 test suite.
[----------] Global test environment set-up.
[----------] 1 test from GameTest
[ RUN      ] GameTest.PlayerSwitch
[       OK ] GameTest.PlayerSwitch (0 ms)
[----------] 1 test from GameTest (0 ms total)

[----------] Global test environment tear-down
[==========] 1 test from 1 test suite ran. (0 ms total)
[  PASSED  ] 1 test.
<end of output>
Test time =   0.00 sec
----------------------------------------------------------
Test Passed.
"GameTest.PlayerSwitch" end time: Apr 24 21:54 +07
"GameTest.PlayerSwitch" time elapsed: 00:00:00
----------------------------------------------------------

11/14 Testing: GameTest.InitialCurrentPlayerIsX
11/14 Test: GameTest.InitialCurrentPlayerIsX
Command: "/home/kvelld/rem/build/tests/tictactoe_tests" "--gtest_filter=GameTest.InitialCurrentPlayerIsX" "--gtest_also_run_disabled_tests"
Directory: /home/kvelld/rem/build/tests
"GameTest.InitialCurrentPlayerIsX" start time: Apr 24 21:54 +07
Output:
----------------------------------------------------------
Note: Google Test filter = GameTest.InitialCurrentPlayerIsX
[==========] Running 1 test from 1 test suite.
[----------] Global test environment set-up.
[----------] 1 test from GameTest
[ RUN      ] GameTest.InitialCurrentPlayerIsX
[       OK ] GameTest.InitialCurrentPlayerIsX (0 ms)
[----------] 1 test from GameTest (0 ms total)

[----------] Global test environment tear-down
[==========] 1 test from 1 test suite ran. (0 ms total)
[  PASSED  ] 1 test.
<end of output>
Test time =   0.00 sec
----------------------------------------------------------
Test Passed.
"GameTest.InitialCurrentPlayerIsX" end time: Apr 24 21:54 +07
"GameTest.InitialCurrentPlayerIsX" time elapsed: 00:00:00
----------------------------------------------------------

12/14 Testing: GameTest.SwitchTurnChangesPlayer
12/14 Test: GameTest.SwitchTurnChangesPlayer
Command: "/home/kvelld/rem/build/tests/tictactoe_tests" "--gtest_filter=GameTest.SwitchTurnChangesPlayer" "--gtest_also_run_disabled_tests"
Directory: /home/kvelld/rem/build/tests
"GameTest.SwitchTurnChangesPlayer" start time: Apr 24 21:54 +07
Output:
----------------------------------------------------------
Note: Google Test filter = GameTest.SwitchTurnChangesPlayer
[==========] Running 1 test from 1 test suite.
[----------] Global test environment set-up.
[----------] 1 test from GameTest
[ RUN      ] GameTest.SwitchTurnChangesPlayer
[       OK ] GameTest.SwitchTurnChangesPlayer (0 ms)
[----------] 1 test from GameTest (0 ms total)

[----------] Global test environment tear-down
[==========] 1 test from 1 test suite ran. (0 ms total)
[  PASSED  ] 1 test.
<end of output>
Test time =   0.00 sec
----------------------------------------------------------
Test Passed.
"GameTest.SwitchTurnChangesPlayer" end time: Apr 24 21:54 +07
"GameTest.SwitchTurnChangesPlayer" time elapsed: 00:00:00
----------------------------------------------------------

13/14 Testing: ErrorTest.InvalidPlayerSymbol
13/14 Test: ErrorTest.InvalidPlayerSymbol
Command: "/home/kvelld/rem/build/tests/tictactoe_tests" "--gtest_filter=ErrorTest.InvalidPlayerSymbol" "--gtest_also_run_disabled_tests"
Directory: /home/kvelld/rem/build/tests
"ErrorTest.InvalidPlayerSymbol" start time: Apr 24 21:54 +07
Output:
----------------------------------------------------------
Note: Google Test filter = ErrorTest.InvalidPlayerSymbol
[==========] Running 1 test from 1 test suite.
[----------] Global test environment set-up.
[----------] 1 test from ErrorTest
[ RUN      ] ErrorTest.InvalidPlayerSymbol
[       OK ] ErrorTest.InvalidPlayerSymbol (0 ms)
[----------] 1 test from ErrorTest (0 ms total)

[----------] Global test environment tear-down
[==========] 1 test from 1 test suite ran. (0 ms total)
[  PASSED  ] 1 test.
<end of output>
Test time =   0.00 sec
----------------------------------------------------------
Test Passed.
"ErrorTest.InvalidPlayerSymbol" end time: Apr 24 21:54 +07
"ErrorTest.InvalidPlayerSymbol" time elapsed: 00:00:00
----------------------------------------------------------

14/14 Testing: ErrorTest.BoardStateAfterInvalidMove
14/14 Test: ErrorTest.BoardStateAfterInvalidMove
Command: "/home/kvelld/rem/build/tests/tictactoe_tests" "--gtest_filter=ErrorTest.BoardStateAfterInvalidMove" "--gtest_also_run_disabled_tests"
Directory: /home/kvelld/rem/build/tests
"ErrorTest.BoardStateAfterInvalidMove" start time: Apr 24 21:54 +07
Output:
----------------------------------------------------------
Note: Google Test filter = ErrorTest.BoardStateAfterInvalidMove
[==========] Running 1 test from 1 test suite.
[----------] Global test environment set-up.
[----------] 1 test from ErrorTest
[ RUN      ] ErrorTest.BoardStateAfterInvalidMove
[       OK ] ErrorTest.BoardStateAfterInvalidMove (0 ms)
[----------] 1 test from ErrorTest (0 ms total)

[----------] Global test environment tear-down
[==========] 1 test from 1 test suite ran. (0 ms total)
[  PASSED  ] 1 test.
<end of output>
Test time =   0.00 sec
----------------------------------------------------------
Test Passed.
"ErrorTest.BoardStateAfterInvalidMove" end time: Apr 24 21:54 +07
"ErrorTest.BoardStateAfterInvalidMove" time elapsed: 00:00:00
----------------------------------------------------------

End testing: Apr 24 21:54 +07
